Copyright 1986-2022 Xilinx, Inc. All Rights Reserved.
--------------------------------------------------------------------------------------------
| Tool Version : Vivado v.2022.2 (lin64) Build 3671981 Fri Oct 14 04:59:54 MDT 2022
| Date         : Wed Jan  4 22:55:42 2023
| Host         : lenovo-yoga-720 running 64-bit Linux Mint 21.1
| Command      : report_control_sets -verbose -file kria_bd_wrapper_control_sets_placed.rpt
| Design       : kria_bd_wrapper
| Device       : xck26
--------------------------------------------------------------------------------------------

Control Set Information

Table of Contents
-----------------
1. Summary
2. Histogram
3. Flip-Flop Distribution
4. Detailed Control Set Information

1. Summary
----------

+----------------------------------------------------------+-------+
|                          Status                          | Count |
+----------------------------------------------------------+-------+
| Total control sets                                       |    37 |
|    Minimum number of control sets                        |    37 |
|    Addition due to synthesis replication                 |     0 |
|    Addition due to physical synthesis replication        |     0 |
| Unused register locations in slices containing registers |    67 |
+----------------------------------------------------------+-------+
* Control sets can be merged at opt_design using control_set_merge or merge_equivalent_drivers
** Run report_qor_suggestions for automated merging and remapping suggestions


2. Histogram
------------

+--------------------+-------+
|       Fanout       | Count |
+--------------------+-------+
| Total control sets |    37 |
| >= 0 to < 4        |     7 |
| >= 4 to < 6        |     4 |
| >= 6 to < 8        |     3 |
| >= 8 to < 10       |     5 |
| >= 10 to < 12      |     1 |
| >= 12 to < 14      |     0 |
| >= 14 to < 16      |     0 |
| >= 16              |    17 |
+--------------------+-------+
* Control sets can be remapped at either synth_design or opt_design


3. Flip-Flop Distribution
-------------------------

+--------------+-----------------------+------------------------+-----------------+--------------+
| Clock Enable | Synchronous Set/Reset | Asynchronous Set/Reset | Total Registers | Total Slices |
+--------------+-----------------------+------------------------+-----------------+--------------+
| No           | No                    | No                     |             136 |           49 |
| No           | No                    | Yes                    |               0 |            0 |
| No           | Yes                   | No                     |              48 |           22 |
| Yes          | No                    | No                     |             363 |           56 |
| Yes          | No                    | Yes                    |               0 |            0 |
| Yes          | Yes                   | No                     |              90 |           29 |
+--------------+-----------------------+------------------------+-----------------+--------------+


4. Detailed Control Set Information
-----------------------------------

+------------------------------------+---------------------------------------------------------------------------------------------------------------------------------------------------------+---------------------------------------------------------------------------------------------------------------------------+------------------+----------------+--------------+
|            Clock Signal            |                                                                      Enable Signal                                                                      |                                                      Set/Reset Signal                                                     | Slice Load Count | Bel Load Count | Bels / Slice |
+------------------------------------+---------------------------------------------------------------------------------------------------------------------------------------------------------+---------------------------------------------------------------------------------------------------------------------------+------------------+----------------+--------------+
|  kria_bd_i/clk_wiz_0/inst/clk_out2 | kria_bd_i/ps8_0_axi_periph/s00_couplers/auto_pc/inst/gen_axilite.gen_b2s_conv.axilite_b2s/WR.b_channel_0/bid_fifo_0/bresp_push                          |                                                                                                                           |                1 |              1 |         1.00 |
|  kria_bd_i/clk_wiz_0/inst/clk_out2 | kria_bd_i/ps8_0_axi_periph/s00_couplers/auto_pc/inst/gen_axilite.gen_b2s_conv.axilite_b2s/WR.b_channel_0/bresp_fifo_0/E[0]                              | kria_bd_i/ps8_0_axi_periph/s00_couplers/auto_pc/inst/gen_axilite.gen_b2s_conv.axilite_b2s/WR.b_channel_0/bid_fifo_0/SR[0] |                1 |              1 |         1.00 |
|  kria_bd_i/clk_wiz_0/inst/clk_out2 | kria_bd_i/axi_intc_0/U0/AXI_LITE_IPIF_I/I_SLAVE_ATTACHMENT/is_read_i_1_n_0                                                                              | kria_bd_i/axi_intc_0/U0/AXI_LITE_IPIF_I/I_SLAVE_ATTACHMENT/rst                                                            |                1 |              2 |         2.00 |
|  kria_bd_i/clk_wiz_0/inst/clk_out2 | kria_bd_i/ps8_0_axi_periph/s00_couplers/auto_pc/inst/gen_axilite.gen_b2s_conv.axilite_b2s/WR.b_channel_0/bid_fifo_0/cnt_read[1]_i_1_n_0                 | kria_bd_i/ps8_0_axi_periph/s00_couplers/auto_pc/inst/gen_axilite.gen_b2s_conv.axilite_b2s/areset_d1                       |                2 |              2 |         1.00 |
|  kria_bd_i/clk_wiz_0/inst/clk_out2 |                                                                                                                                                         | kria_bd_i/axi_intc_0/U0/INTC_CORE_I/REG_GEN[0].ier[0]_i_1_n_0                                                             |                1 |              2 |         2.00 |
|  kria_bd_i/clk_wiz_0/inst/clk_out2 | kria_bd_i/ps8_0_axi_periph/s00_couplers/auto_pc/inst/gen_axilite.gen_b2s_conv.axilite_b2s/WR.b_channel_0/bid_fifo_0/E[0]                                | kria_bd_i/ps8_0_axi_periph/s00_couplers/auto_pc/inst/gen_axilite.gen_b2s_conv.axilite_b2s/areset_d1                       |                1 |              2 |         2.00 |
|  kria_bd_i/clk_wiz_0/inst/clk_out2 |                                                                                                                                                         | kria_bd_i/axi_intc_0/U0/INTC_CORE_I/REG_GEN[0].IAR_NORMAL_MODE_GEN.iar[0]_i_1_n_0                                         |                2 |              3 |         1.50 |
|  kria_bd_i/clk_wiz_0/inst/clk_out2 |                                                                                                                                                         | kria_bd_i/proc_sys_reset_1/U0/EXT_LPF/lpf_int                                                                             |                2 |              4 |         2.00 |
|  kria_bd_i/clk_wiz_0/inst/clk_out2 |                                                                                                                                                         | kria_bd_i/axi_intc_0/U0/AXI_LITE_IPIF_I/I_SLAVE_ATTACHMENT/clear                                                          |                2 |              4 |         2.00 |
|  kria_bd_i/clk_wiz_0/inst/clk_out2 | kria_bd_i/ps8_0_axi_periph/s00_couplers/auto_pc/inst/gen_axilite.gen_b2s_conv.axilite_b2s/RD.r_channel_0/transaction_fifo_0/cnt_read[4]_i_1__0_n_0      | kria_bd_i/ps8_0_axi_periph/s00_couplers/auto_pc/inst/gen_axilite.gen_b2s_conv.axilite_b2s/areset_d1                       |                2 |              5 |         2.50 |
|  kria_bd_i/clk_wiz_0/inst/clk_out2 | kria_bd_i/ps8_0_axi_periph/s00_couplers/auto_pc/inst/gen_axilite.gen_b2s_conv.axilite_b2s/RD.r_channel_0/rd_data_fifo_0/cnt_read[4]_i_1_n_0             | kria_bd_i/ps8_0_axi_periph/s00_couplers/auto_pc/inst/gen_axilite.gen_b2s_conv.axilite_b2s/areset_d1                       |                3 |              5 |         1.67 |
|  kria_bd_i/clk_wiz_0/inst/clk_out2 |                                                                                                                                                         | kria_bd_i/ps8_0_axi_periph/s00_couplers/auto_pc/inst/gen_axilite.gen_b2s_conv.axilite_b2s/areset_d1                       |                3 |              6 |         2.00 |
|  kria_bd_i/clk_wiz_0/inst/clk_out2 | kria_bd_i/proc_sys_reset_1/U0/SEQ/seq_cnt_en                                                                                                            | kria_bd_i/proc_sys_reset_1/U0/SEQ/seq_clr                                                                                 |                1 |              6 |         6.00 |
|  kria_bd_i/clk_wiz_0/inst/clk_out2 | kria_bd_i/axi_intc_0/U0/AXI_LITE_IPIF_I/I_SLAVE_ATTACHMENT/bus2ip_addr_i[8]_i_1_n_0                                                                     | kria_bd_i/axi_intc_0/U0/AXI_LITE_IPIF_I/I_SLAVE_ATTACHMENT/rst                                                            |                3 |              7 |         2.33 |
|  kria_bd_i/clk_wiz_0/inst/clk_out2 | kria_bd_i/ps8_0_axi_periph/s00_couplers/auto_pc/inst/gen_axilite.gen_b2s_conv.axilite_b2s/WR.b_channel_0/mhandshake_r                                   | kria_bd_i/ps8_0_axi_periph/s00_couplers/auto_pc/inst/gen_axilite.gen_b2s_conv.axilite_b2s/WR.b_channel_0/bid_fifo_0/SR[0] |                3 |              8 |         2.67 |
|  kria_bd_i/clk_wiz_0/inst/clk_out2 | kria_bd_i/ps8_0_axi_periph/s00_couplers/auto_pc/inst/gen_axilite.gen_b2s_conv.axilite_b2s/RD.ar_channel_0/ar_cmd_fsm_0/FSM_sequential_state_reg[1]_0[0] |                                                                                                                           |                5 |              9 |         1.80 |
|  kria_bd_i/clk_wiz_0/inst/clk_out2 | kria_bd_i/ps8_0_axi_periph/s00_couplers/auto_pc/inst/gen_axilite.gen_b2s_conv.axilite_b2s/WR.aw_channel_0/aw_cmd_fsm_0/E[0]                             |                                                                                                                           |                5 |              9 |         1.80 |
|  kria_bd_i/clk_wiz_0/inst/clk_out2 | kria_bd_i/ps8_0_axi_periph/s00_couplers/auto_pc/inst/gen_axilite.gen_b2s_conv.axilite_b2s/RD.ar_channel_0/ar_cmd_fsm_0/sel_first_reg_1[0]               |                                                                                                                           |                3 |              9 |         3.00 |
|  kria_bd_i/clk_wiz_0/inst/clk_out2 | kria_bd_i/ps8_0_axi_periph/s00_couplers/auto_pc/inst/gen_axilite.gen_b2s_conv.axilite_b2s/WR.aw_channel_0/aw_cmd_fsm_0/sel_first_reg_1[0]               |                                                                                                                           |                4 |              9 |         2.25 |
|  kria_bd_i/clk_wiz_0/inst/clk_out2 |                                                                                                                                                         | kria_bd_i/axi_intc_0/U0/AXI_LITE_IPIF_I/I_SLAVE_ATTACHMENT/rst                                                            |                3 |             11 |         3.67 |
|  kria_bd_i/clk_wiz_0/inst/clk_out2 | kria_bd_i/ps8_0_axi_periph/s00_couplers/auto_pc/inst/gen_axilite.gen_b2s_conv.axilite_b2s/SI_REG/b.b_pipe/s_ready_i_reg_0                               |                                                                                                                           |                3 |             17 |         5.67 |
|  kria_bd_i/clk_wiz_0/inst/clk_out2 | kria_bd_i/ps8_0_axi_periph/s00_couplers/auto_pc/inst/gen_axilite.gen_b2s_conv.axilite_b2s/RD.r_channel_0/r_push_r                                       |                                                                                                                           |                3 |             17 |         5.67 |
|  kria_bd_i/clk_wiz_0/inst/clk_out2 | kria_bd_i/ps8_0_axi_periph/s00_couplers/auto_pc/inst/gen_axilite.gen_b2s_conv.axilite_b2s/SI_REG/b.b_pipe/p_1_in                                        |                                                                                                                           |                3 |             17 |         5.67 |
|  kria_bd_i/clk_wiz_0/inst/clk_out2 |                                                                                                                                                         | kria_bd_i/proc_sys_reset_1/U0/peripheral_aresetn[0]                                                                       |                9 |             18 |         2.00 |
|  kria_bd_i/clk_wiz_0/inst/clk_out2 | kria_bd_i/axi_intc_0/U0/AXI_LITE_IPIF_I/I_SLAVE_ATTACHMENT/start2                                                                                       | kria_bd_i/axi_intc_0/U0/AXI_LITE_IPIF_I/I_SLAVE_ATTACHMENT/I_DECODER/cs_ce_clr                                            |                6 |             19 |         3.17 |
|  kria_bd_i/clk_wiz_0/inst/clk_out2 | kria_bd_i/ps8_0_axi_periph/s00_couplers/auto_pc/inst/gen_axilite.gen_b2s_conv.axilite_b2s/RD.ar_channel_0/ar_cmd_fsm_0/E[0]                             |                                                                                                                           |                9 |             22 |         2.44 |
|  kria_bd_i/clk_wiz_0/inst/clk_out2 | kria_bd_i/ps8_0_axi_periph/s00_couplers/auto_pc/inst/gen_axilite.gen_b2s_conv.axilite_b2s/WR.aw_channel_0/aw_cmd_fsm_0/m_valid_i_reg_0[0]               |                                                                                                                           |                8 |             23 |         2.88 |
|  kria_bd_i/clk_wiz_0/inst/clk_out2 | kria_bd_i/ps8_0_axi_periph/s00_couplers/auto_pc/inst/gen_axilite.gen_b2s_conv.axilite_b2s/WR.aw_channel_0/aw_cmd_fsm_0/cnt_read_reg[0]                  |                                                                                                                           |                2 |             24 |        12.00 |
|  kria_bd_i/clk_wiz_0/inst/clk_out2 | kria_bd_i/ps8_0_axi_periph/s00_couplers/auto_pc/inst/gen_axilite.gen_b2s_conv.axilite_b2s/RD.r_channel_0/rd_data_fifo_0/wr_en0                          |                                                                                                                           |                5 |             33 |         6.60 |
|  kria_bd_i/clk_wiz_0/inst/clk_out2 | kria_bd_i/axi_intc_0/U0/AXI_LITE_IPIF_I/I_SLAVE_ATTACHMENT/s_axi_rresp_i                                                                                | kria_bd_i/axi_intc_0/U0/AXI_LITE_IPIF_I/I_SLAVE_ATTACHMENT/rst                                                            |                8 |             33 |         4.12 |
|  kria_bd_i/clk_wiz_0/inst/clk_out2 | kria_bd_i/ps8_0_axi_periph/s00_couplers/auto_pc/inst/gen_axilite.gen_b2s_conv.axilite_b2s/WR.aw_channel_0/aw_cmd_fsm_0/m_valid_i_reg_1[0]               |                                                                                                                           |                8 |             37 |         4.62 |
|  kria_bd_i/clk_wiz_0/inst/clk_out2 | kria_bd_i/ps8_0_axi_periph/s00_couplers/auto_pc/inst/gen_axilite.gen_b2s_conv.axilite_b2s/SI_REG/ar.ar_pipe/s_ready_i_reg_0                             |                                                                                                                           |               11 |             37 |         3.36 |
|  kria_bd_i/clk_wiz_0/inst/clk_out2 | kria_bd_i/ps8_0_axi_periph/s00_couplers/auto_pc/inst/gen_axilite.gen_b2s_conv.axilite_b2s/SI_REG/aw.aw_pipe/s_ready_i_reg_0                             |                                                                                                                           |               10 |             37 |         3.70 |
|  kria_bd_i/clk_wiz_0/inst/clk_out2 | kria_bd_i/ps8_0_axi_periph/s00_couplers/auto_pc/inst/gen_axilite.gen_b2s_conv.axilite_b2s/RD.ar_channel_0/ar_cmd_fsm_0/m_valid_i_reg[0]                 |                                                                                                                           |               11 |             37 |         3.36 |
|  kria_bd_i/clk_wiz_0/inst/clk_out2 | kria_bd_i/ps8_0_axi_periph/s00_couplers/auto_pc/inst/gen_axilite.gen_b2s_conv.axilite_b2s/SI_REG/r.r_pipe/p_1_in                                        |                                                                                                                           |                8 |             50 |         6.25 |
|  kria_bd_i/clk_wiz_0/inst/clk_out2 | kria_bd_i/ps8_0_axi_periph/s00_couplers/auto_pc/inst/gen_axilite.gen_b2s_conv.axilite_b2s/SI_REG/r.r_pipe/si_rs_rready                                  |                                                                                                                           |                9 |             50 |         5.56 |
|  kria_bd_i/clk_wiz_0/inst/clk_out2 |                                                                                                                                                         |                                                                                                                           |               49 |            137 |         2.80 |
+------------------------------------+---------------------------------------------------------------------------------------------------------------------------------------------------------+---------------------------------------------------------------------------------------------------------------------------+------------------+----------------+--------------+


